The system is: Linux - 3.10.0-1160.53.1.el7.x86_64 - x86_64
Compiling the C compiler identification source file "CMakeCCompilerId.c" succeeded.
Compiler: /cvmfs/minerva.opensciencegrid.org/minerva/hep_hpc_products/gcc/v6_3_0/Linux64bit+3.10-2.17/bin/cc 
Build flags: 
Id flags: 

The output was:
0


Compilation of the C compiler identification source "CMakeCCompilerId.c" produced "a.out"

The C compiler identification is GNU, found in "/minerva/app/users/sultana/cmtuser/WorkingArea/LowRecoilPions/opt/build/CMakeFiles/3.7.1/CompilerIdC/a.out"

Compiling the CXX compiler identification source file "CMakeCXXCompilerId.cpp" succeeded.
Compiler: /cvmfs/minerva.opensciencegrid.org/minerva/hep_hpc_products/gcc/v6_3_0/Linux64bit+3.10-2.17/bin/c++ 
Build flags: 
Id flags: 

The output was:
0


Compilation of the CXX compiler identification source "CMakeCXXCompilerId.cpp" produced "a.out"

The CXX compiler identification is GNU, found in "/minerva/app/users/sultana/cmtuser/WorkingArea/LowRecoilPions/opt/build/CMakeFiles/3.7.1/CompilerIdCXX/a.out"

Determining if the C compiler works passed with the following output:
Change Dir: /minerva/app/users/sultana/cmtuser/WorkingArea/LowRecoilPions/opt/build/CMakeFiles/CMakeTmp

Run Build Command:"/usr/bin/gmake" "cmTC_5ab75/fast"
/usr/bin/gmake -f CMakeFiles/cmTC_5ab75.dir/build.make CMakeFiles/cmTC_5ab75.dir/build
gmake[1]: Entering directory `/minerva/app/users/sultana/cmtuser/WorkingArea/LowRecoilPions/opt/build/CMakeFiles/CMakeTmp'
Building C object CMakeFiles/cmTC_5ab75.dir/testCCompiler.c.o
/cvmfs/minerva.opensciencegrid.org/minerva/hep_hpc_products/gcc/v6_3_0/Linux64bit+3.10-2.17/bin/cc     -o CMakeFiles/cmTC_5ab75.dir/testCCompiler.c.o   -c /minerva/app/users/sultana/cmtuser/WorkingArea/LowRecoilPions/opt/build/CMakeFiles/CMakeTmp/testCCompiler.c
Linking C executable cmTC_5ab75
/cvmfs/minerva.opensciencegrid.org/minerva/hep_hpc_products/cmake/v3_7_1/Linux64bit+3.10-2.17/bin/cmake -E cmake_link_script CMakeFiles/cmTC_5ab75.dir/link.txt --verbose=1
/cvmfs/minerva.opensciencegrid.org/minerva/hep_hpc_products/gcc/v6_3_0/Linux64bit+3.10-2.17/bin/cc       CMakeFiles/cmTC_5ab75.dir/testCCompiler.c.o  -o cmTC_5ab75 -rdynamic 
gmake[1]: Leaving directory `/minerva/app/users/sultana/cmtuser/WorkingArea/LowRecoilPions/opt/build/CMakeFiles/CMakeTmp'


Detecting C compiler ABI info compiled with the following output:
Change Dir: /minerva/app/users/sultana/cmtuser/WorkingArea/LowRecoilPions/opt/build/CMakeFiles/CMakeTmp

Run Build Command:"/usr/bin/gmake" "cmTC_5b1c0/fast"
/usr/bin/gmake -f CMakeFiles/cmTC_5b1c0.dir/build.make CMakeFiles/cmTC_5b1c0.dir/build
gmake[1]: Entering directory `/minerva/app/users/sultana/cmtuser/WorkingArea/LowRecoilPions/opt/build/CMakeFiles/CMakeTmp'
Building C object CMakeFiles/cmTC_5b1c0.dir/CMakeCCompilerABI.c.o
/cvmfs/minerva.opensciencegrid.org/minerva/hep_hpc_products/gcc/v6_3_0/Linux64bit+3.10-2.17/bin/cc     -o CMakeFiles/cmTC_5b1c0.dir/CMakeCCompilerABI.c.o   -c /cvmfs/minerva.opensciencegrid.org/minerva/hep_hpc_products/cmake/v3_7_1/Linux64bit+3.10-2.17/share/cmake-3.7/Modules/CMakeCCompilerABI.c
Linking C executable cmTC_5b1c0
/cvmfs/minerva.opensciencegrid.org/minerva/hep_hpc_products/cmake/v3_7_1/Linux64bit+3.10-2.17/bin/cmake -E cmake_link_script CMakeFiles/cmTC_5b1c0.dir/link.txt --verbose=1
/cvmfs/minerva.opensciencegrid.org/minerva/hep_hpc_products/gcc/v6_3_0/Linux64bit+3.10-2.17/bin/cc      -v CMakeFiles/cmTC_5b1c0.dir/CMakeCCompilerABI.c.o  -o cmTC_5b1c0 -rdynamic  
Using built-in specs.
COLLECT_GCC=/cvmfs/minerva.opensciencegrid.org/minerva/hep_hpc_products/gcc/v6_3_0/Linux64bit+3.10-2.17/bin/cc
COLLECT_LTO_WRAPPER=/cvmfs/minerva.opensciencegrid.org/minerva/hep_hpc_products/gcc/v6_3_0/Linux64bit+3.10-2.17/bin/../libexec/gcc/x86_64-pc-linux-gnu/6.3.0/lto-wrapper
Target: x86_64-pc-linux-gnu
Configured with: ./configure --prefix=/scratch/workspace/art-build-base/v6_3_0/SLF7/build/gcc/v6_3_0/Linux64bit+3.10-2.17 --disable-libgcj --enable-threads=posix --enable-__cxa_atexit --enable-languages=c,c++,fortran,lto --with-system-zlib --enable-libstdcxx-time=rt --enable-stage1-checking=yes --enable-checking=release --enable-lto --enable-plugin
Thread model: posix
gcc version 6.3.0 (GCC) 
COMPILER_PATH=/cvmfs/minerva.opensciencegrid.org/minerva/hep_hpc_products/gcc/v6_3_0/Linux64bit+3.10-2.17/bin/../libexec/gcc/x86_64-pc-linux-gnu/6.3.0/:/cvmfs/minerva.opensciencegrid.org/minerva/hep_hpc_products/gcc/v6_3_0/Linux64bit+3.10-2.17/bin/../libexec/gcc/:/cvmfs/minerva.opensciencegrid.org/minerva/hep_hpc_products/gcc/v6_3_0/Linux64bit+3.10-2.17/bin/
LIBRARY_PATH=/cvmfs/minerva.opensciencegrid.org/minerva/hep_hpc_products/gcc/v6_3_0/Linux64bit+3.10-2.17/bin/../lib/gcc/x86_64-pc-linux-gnu/6.3.0/:/cvmfs/minerva.opensciencegrid.org/minerva/hep_hpc_products/gcc/v6_3_0/Linux64bit+3.10-2.17/bin/../lib/gcc/:/cvmfs/minerva.opensciencegrid.org/minerva/hep_hpc_products/gcc/v6_3_0/Linux64bit+3.10-2.17/bin/../lib/gcc/x86_64-pc-linux-gnu/6.3.0/../../../../lib64/:/lib/../lib64/:/usr/lib/../lib64/:/cvmfs/minerva.opensciencegrid.org/minerva/hep_hpc_products/gcc/v6_3_0/Linux64bit+3.10-2.17/bin/../lib/gcc/x86_64-pc-linux-gnu/6.3.0/../../../:/lib/:/usr/lib/
COLLECT_GCC_OPTIONS='-v' '-o' 'cmTC_5b1c0' '-rdynamic' '-mtune=generic' '-march=x86-64'
 /cvmfs/minerva.opensciencegrid.org/minerva/hep_hpc_products/gcc/v6_3_0/Linux64bit+3.10-2.17/bin/../libexec/gcc/x86_64-pc-linux-gnu/6.3.0/collect2 -plugin /cvmfs/minerva.opensciencegrid.org/minerva/hep_hpc_products/gcc/v6_3_0/Linux64bit+3.10-2.17/bin/../libexec/gcc/x86_64-pc-linux-gnu/6.3.0/liblto_plugin.so -plugin-opt=/cvmfs/minerva.opensciencegrid.org/minerva/hep_hpc_products/gcc/v6_3_0/Linux64bit+3.10-2.17/bin/../libexec/gcc/x86_64-pc-linux-gnu/6.3.0/lto-wrapper -plugin-opt=-fresolution=/tmp/cc5VPqqN.res -plugin-opt=-pass-through=-lgcc -plugin-opt=-pass-through=-lgcc_s -plugin-opt=-pass-through=-lc -plugin-opt=-pass-through=-lgcc -plugin-opt=-pass-through=-lgcc_s --eh-frame-hdr -m elf_x86_64 -export-dynamic -dynamic-linker /lib64/ld-linux-x86-64.so.2 -o cmTC_5b1c0 /lib/../lib64/crt1.o /lib/../lib64/crti.o /cvmfs/minerva.opensciencegrid.org/minerva/hep_hpc_products/gcc/v6_3_0/Linux64bit+3.10-2.17/bin/../lib/gcc/x86_64-pc-linux-gnu/6.3.0/crtbegin.o -L/cvmfs/minerva.opensciencegrid.org/minerva/hep_hpc_products/gcc/v6_3_0/Linux64bit+3.10-2.17/bin/../lib/gcc/x86_64-pc-linux-gnu/6.3.0 -L/cvmfs/minerva.opensciencegrid.org/minerva/hep_hpc_products/gcc/v6_3_0/Linux64bit+3.10-2.17/bin/../lib/gcc -L/cvmfs/minerva.opensciencegrid.org/minerva/hep_hpc_products/gcc/v6_3_0/Linux64bit+3.10-2.17/bin/../lib/gcc/x86_64-pc-linux-gnu/6.3.0/../../../../lib64 -L/lib/../lib64 -L/usr/lib/../lib64 -L/cvmfs/minerva.opensciencegrid.org/minerva/hep_hpc_products/gcc/v6_3_0/Linux64bit+3.10-2.17/bin/../lib/gcc/x86_64-pc-linux-gnu/6.3.0/../../.. CMakeFiles/cmTC_5b1c0.dir/CMakeCCompilerABI.c.o -lgcc --as-needed -lgcc_s --no-as-needed -lc -lgcc --as-needed -lgcc_s --no-as-needed /cvmfs/minerva.opensciencegrid.org/minerva/hep_hpc_products/gcc/v6_3_0/Linux64bit+3.10-2.17/bin/../lib/gcc/x86_64-pc-linux-gnu/6.3.0/crtend.o /lib/../lib64/crtn.o
COLLECT_GCC_OPTIONS='-v' '-o' 'cmTC_5b1c0' '-rdynamic' '-mtune=generic' '-march=x86-64'
gmake[1]: Leaving directory `/minerva/app/users/sultana/cmtuser/WorkingArea/LowRecoilPions/opt/build/CMakeFiles/CMakeTmp'


Parsed C implicit link information from above output:
  link line regex: [^( *|.*[/\])(ld|([^/\]+-)?ld|collect2)[^/\]*( |$)]
  ignore line: [Change Dir: /minerva/app/users/sultana/cmtuser/WorkingArea/LowRecoilPions/opt/build/CMakeFiles/CMakeTmp]
  ignore line: []
  ignore line: [Run Build Command:"/usr/bin/gmake" "cmTC_5b1c0/fast"]
  ignore line: [/usr/bin/gmake -f CMakeFiles/cmTC_5b1c0.dir/build.make CMakeFiles/cmTC_5b1c0.dir/build]
  ignore line: [gmake[1]: Entering directory `/minerva/app/users/sultana/cmtuser/WorkingArea/LowRecoilPions/opt/build/CMakeFiles/CMakeTmp']
  ignore line: [Building C object CMakeFiles/cmTC_5b1c0.dir/CMakeCCompilerABI.c.o]
  ignore line: [/cvmfs/minerva.opensciencegrid.org/minerva/hep_hpc_products/gcc/v6_3_0/Linux64bit+3.10-2.17/bin/cc     -o CMakeFiles/cmTC_5b1c0.dir/CMakeCCompilerABI.c.o   -c /cvmfs/minerva.opensciencegrid.org/minerva/hep_hpc_products/cmake/v3_7_1/Linux64bit+3.10-2.17/share/cmake-3.7/Modules/CMakeCCompilerABI.c]
  ignore line: [Linking C executable cmTC_5b1c0]
  ignore line: [/cvmfs/minerva.opensciencegrid.org/minerva/hep_hpc_products/cmake/v3_7_1/Linux64bit+3.10-2.17/bin/cmake -E cmake_link_script CMakeFiles/cmTC_5b1c0.dir/link.txt --verbose=1]
  ignore line: [/cvmfs/minerva.opensciencegrid.org/minerva/hep_hpc_products/gcc/v6_3_0/Linux64bit+3.10-2.17/bin/cc      -v CMakeFiles/cmTC_5b1c0.dir/CMakeCCompilerABI.c.o  -o cmTC_5b1c0 -rdynamic  ]
  ignore line: [Using built-in specs.]
  ignore line: [COLLECT_GCC=/cvmfs/minerva.opensciencegrid.org/minerva/hep_hpc_products/gcc/v6_3_0/Linux64bit+3.10-2.17/bin/cc]
  ignore line: [COLLECT_LTO_WRAPPER=/cvmfs/minerva.opensciencegrid.org/minerva/hep_hpc_products/gcc/v6_3_0/Linux64bit+3.10-2.17/bin/../libexec/gcc/x86_64-pc-linux-gnu/6.3.0/lto-wrapper]
  ignore line: [Target: x86_64-pc-linux-gnu]
  ignore line: [Configured with: ./configure --prefix=/scratch/workspace/art-build-base/v6_3_0/SLF7/build/gcc/v6_3_0/Linux64bit+3.10-2.17 --disable-libgcj --enable-threads=posix --enable-__cxa_atexit --enable-languages=c,c++,fortran,lto --with-system-zlib --enable-libstdcxx-time=rt --enable-stage1-checking=yes --enable-checking=release --enable-lto --enable-plugin]
  ignore line: [Thread model: posix]
  ignore line: [gcc version 6.3.0 (GCC) ]
  ignore line: [COMPILER_PATH=/cvmfs/minerva.opensciencegrid.org/minerva/hep_hpc_products/gcc/v6_3_0/Linux64bit+3.10-2.17/bin/../libexec/gcc/x86_64-pc-linux-gnu/6.3.0/:/cvmfs/minerva.opensciencegrid.org/minerva/hep_hpc_products/gcc/v6_3_0/Linux64bit+3.10-2.17/bin/../libexec/gcc/:/cvmfs/minerva.opensciencegrid.org/minerva/hep_hpc_products/gcc/v6_3_0/Linux64bit+3.10-2.17/bin/]
  ignore line: [LIBRARY_PATH=/cvmfs/minerva.opensciencegrid.org/minerva/hep_hpc_products/gcc/v6_3_0/Linux64bit+3.10-2.17/bin/../lib/gcc/x86_64-pc-linux-gnu/6.3.0/:/cvmfs/minerva.opensciencegrid.org/minerva/hep_hpc_products/gcc/v6_3_0/Linux64bit+3.10-2.17/bin/../lib/gcc/:/cvmfs/minerva.opensciencegrid.org/minerva/hep_hpc_products/gcc/v6_3_0/Linux64bit+3.10-2.17/bin/../lib/gcc/x86_64-pc-linux-gnu/6.3.0/../../../../lib64/:/lib/../lib64/:/usr/lib/../lib64/:/cvmfs/minerva.opensciencegrid.org/minerva/hep_hpc_products/gcc/v6_3_0/Linux64bit+3.10-2.17/bin/../lib/gcc/x86_64-pc-linux-gnu/6.3.0/../../../:/lib/:/usr/lib/]
  ignore line: [COLLECT_GCC_OPTIONS='-v' '-o' 'cmTC_5b1c0' '-rdynamic' '-mtune=generic' '-march=x86-64']
  link line: [ /cvmfs/minerva.opensciencegrid.org/minerva/hep_hpc_products/gcc/v6_3_0/Linux64bit+3.10-2.17/bin/../libexec/gcc/x86_64-pc-linux-gnu/6.3.0/collect2 -plugin /cvmfs/minerva.opensciencegrid.org/minerva/hep_hpc_products/gcc/v6_3_0/Linux64bit+3.10-2.17/bin/../libexec/gcc/x86_64-pc-linux-gnu/6.3.0/liblto_plugin.so -plugin-opt=/cvmfs/minerva.opensciencegrid.org/minerva/hep_hpc_products/gcc/v6_3_0/Linux64bit+3.10-2.17/bin/../libexec/gcc/x86_64-pc-linux-gnu/6.3.0/lto-wrapper -plugin-opt=-fresolution=/tmp/cc5VPqqN.res -plugin-opt=-pass-through=-lgcc -plugin-opt=-pass-through=-lgcc_s -plugin-opt=-pass-through=-lc -plugin-opt=-pass-through=-lgcc -plugin-opt=-pass-through=-lgcc_s --eh-frame-hdr -m elf_x86_64 -export-dynamic -dynamic-linker /lib64/ld-linux-x86-64.so.2 -o cmTC_5b1c0 /lib/../lib64/crt1.o /lib/../lib64/crti.o /cvmfs/minerva.opensciencegrid.org/minerva/hep_hpc_products/gcc/v6_3_0/Linux64bit+3.10-2.17/bin/../lib/gcc/x86_64-pc-linux-gnu/6.3.0/crtbegin.o -L/cvmfs/minerva.opensciencegrid.org/minerva/hep_hpc_products/gcc/v6_3_0/Linux64bit+3.10-2.17/bin/../lib/gcc/x86_64-pc-linux-gnu/6.3.0 -L/cvmfs/minerva.opensciencegrid.org/minerva/hep_hpc_products/gcc/v6_3_0/Linux64bit+3.10-2.17/bin/../lib/gcc -L/cvmfs/minerva.opensciencegrid.org/minerva/hep_hpc_products/gcc/v6_3_0/Linux64bit+3.10-2.17/bin/../lib/gcc/x86_64-pc-linux-gnu/6.3.0/../../../../lib64 -L/lib/../lib64 -L/usr/lib/../lib64 -L/cvmfs/minerva.opensciencegrid.org/minerva/hep_hpc_products/gcc/v6_3_0/Linux64bit+3.10-2.17/bin/../lib/gcc/x86_64-pc-linux-gnu/6.3.0/../../.. CMakeFiles/cmTC_5b1c0.dir/CMakeCCompilerABI.c.o -lgcc --as-needed -lgcc_s --no-as-needed -lc -lgcc --as-needed -lgcc_s --no-as-needed /cvmfs/minerva.opensciencegrid.org/minerva/hep_hpc_products/gcc/v6_3_0/Linux64bit+3.10-2.17/bin/../lib/gcc/x86_64-pc-linux-gnu/6.3.0/crtend.o /lib/../lib64/crtn.o]
    arg [/cvmfs/minerva.opensciencegrid.org/minerva/hep_hpc_products/gcc/v6_3_0/Linux64bit+3.10-2.17/bin/../libexec/gcc/x86_64-pc-linux-gnu/6.3.0/collect2] ==> ignore
    arg [-plugin] ==> ignore
    arg [/cvmfs/minerva.opensciencegrid.org/minerva/hep_hpc_products/gcc/v6_3_0/Linux64bit+3.10-2.17/bin/../libexec/gcc/x86_64-pc-linux-gnu/6.3.0/liblto_plugin.so] ==> ignore
    arg [-plugin-opt=/cvmfs/minerva.opensciencegrid.org/minerva/hep_hpc_products/gcc/v6_3_0/Linux64bit+3.10-2.17/bin/../libexec/gcc/x86_64-pc-linux-gnu/6.3.0/lto-wrapper] ==> ignore
    arg [-plugin-opt=-fresolution=/tmp/cc5VPqqN.res] ==> ignore
    arg [-plugin-opt=-pass-through=-lgcc] ==> ignore
    arg [-plugin-opt=-pass-through=-lgcc_s] ==> ignore
    arg [-plugin-opt=-pass-through=-lc] ==> ignore
    arg [-plugin-opt=-pass-through=-lgcc] ==> ignore
    arg [-plugin-opt=-pass-through=-lgcc_s] ==> ignore
    arg [--eh-frame-hdr] ==> ignore
    arg [-m] ==> ignore
    arg [elf_x86_64] ==> ignore
    arg [-export-dynamic] ==> ignore
    arg [-dynamic-linker] ==> ignore
    arg [/lib64/ld-linux-x86-64.so.2] ==> ignore
    arg [-o] ==> ignore
    arg [cmTC_5b1c0] ==> ignore
    arg [/lib/../lib64/crt1.o] ==> ignore
    arg [/lib/../lib64/crti.o] ==> ignore
    arg [/cvmfs/minerva.opensciencegrid.org/minerva/hep_hpc_products/gcc/v6_3_0/Linux64bit+3.10-2.17/bin/../lib/gcc/x86_64-pc-linux-gnu/6.3.0/crtbegin.o] ==> ignore
    arg [-L/cvmfs/minerva.opensciencegrid.org/minerva/hep_hpc_products/gcc/v6_3_0/Linux64bit+3.10-2.17/bin/../lib/gcc/x86_64-pc-linux-gnu/6.3.0] ==> dir [/cvmfs/minerva.opensciencegrid.org/minerva/hep_hpc_products/gcc/v6_3_0/Linux64bit+3.10-2.17/bin/../lib/gcc/x86_64-pc-linux-gnu/6.3.0]
    arg [-L/cvmfs/minerva.opensciencegrid.org/minerva/hep_hpc_products/gcc/v6_3_0/Linux64bit+3.10-2.17/bin/../lib/gcc] ==> dir [/cvmfs/minerva.opensciencegrid.org/minerva/hep_hpc_products/gcc/v6_3_0/Linux64bit+3.10-2.17/bin/../lib/gcc]
    arg [-L/cvmfs/minerva.opensciencegrid.org/minerva/hep_hpc_products/gcc/v6_3_0/Linux64bit+3.10-2.17/bin/../lib/gcc/x86_64-pc-linux-gnu/6.3.0/../../../../lib64] ==> dir [/cvmfs/minerva.opensciencegrid.org/minerva/hep_hpc_products/gcc/v6_3_0/Linux64bit+3.10-2.17/bin/../lib/gcc/x86_64-pc-linux-gnu/6.3.0/../../../../lib64]
    arg [-L/lib/../lib64] ==> dir [/lib/../lib64]
    arg [-L/usr/lib/../lib64] ==> dir [/usr/lib/../lib64]
    arg [-L/cvmfs/minerva.opensciencegrid.org/minerva/hep_hpc_products/gcc/v6_3_0/Linux64bit+3.10-2.17/bin/../lib/gcc/x86_64-pc-linux-gnu/6.3.0/../../..] ==> dir [/cvmfs/minerva.opensciencegrid.org/minerva/hep_hpc_products/gcc/v6_3_0/Linux64bit+3.10-2.17/bin/../lib/gcc/x86_64-pc-linux-gnu/6.3.0/../../..]
    arg [CMakeFiles/cmTC_5b1c0.dir/CMakeCCompilerABI.c.o] ==> ignore
    arg [-lgcc] ==> lib [gcc]
    arg [--as-needed] ==> ignore
    arg [-lgcc_s] ==> lib [gcc_s]
    arg [--no-as-needed] ==> ignore
    arg [-lc] ==> lib [c]
    arg [-lgcc] ==> lib [gcc]
    arg [--as-needed] ==> ignore
    arg [-lgcc_s] ==> lib [gcc_s]
    arg [--no-as-needed] ==> ignore
    arg [/cvmfs/minerva.opensciencegrid.org/minerva/hep_hpc_products/gcc/v6_3_0/Linux64bit+3.10-2.17/bin/../lib/gcc/x86_64-pc-linux-gnu/6.3.0/crtend.o] ==> ignore
    arg [/lib/../lib64/crtn.o] ==> ignore
  remove lib [gcc]
  remove lib [gcc_s]
  remove lib [gcc]
  remove lib [gcc_s]
  collapse library dir [/cvmfs/minerva.opensciencegrid.org/minerva/hep_hpc_products/gcc/v6_3_0/Linux64bit+3.10-2.17/bin/../lib/gcc/x86_64-pc-linux-gnu/6.3.0] ==> [/cvmfs/minerva.opensciencegrid.org/minerva/hep_hpc_products/gcc/v6_3_0/Linux64bit+3.10-2.17/lib/gcc/x86_64-pc-linux-gnu/6.3.0]
  collapse library dir [/cvmfs/minerva.opensciencegrid.org/minerva/hep_hpc_products/gcc/v6_3_0/Linux64bit+3.10-2.17/bin/../lib/gcc] ==> [/cvmfs/minerva.opensciencegrid.org/minerva/hep_hpc_products/gcc/v6_3_0/Linux64bit+3.10-2.17/lib/gcc]
  collapse library dir [/cvmfs/minerva.opensciencegrid.org/minerva/hep_hpc_products/gcc/v6_3_0/Linux64bit+3.10-2.17/bin/../lib/gcc/x86_64-pc-linux-gnu/6.3.0/../../../../lib64] ==> [/cvmfs/minerva.opensciencegrid.org/minerva/hep_hpc_products/gcc/v6_3_0/Linux64bit+3.10-2.17/lib64]
  collapse library dir [/lib/../lib64] ==> [/lib64]
  collapse library dir [/usr/lib/../lib64] ==> [/usr/lib64]
  collapse library dir [/cvmfs/minerva.opensciencegrid.org/minerva/hep_hpc_products/gcc/v6_3_0/Linux64bit+3.10-2.17/bin/../lib/gcc/x86_64-pc-linux-gnu/6.3.0/../../..] ==> [/cvmfs/minerva.opensciencegrid.org/minerva/hep_hpc_products/gcc/v6_3_0/Linux64bit+3.10-2.17/lib]
  implicit libs: [c]
  implicit dirs: [/cvmfs/minerva.opensciencegrid.org/minerva/hep_hpc_products/gcc/v6_3_0/Linux64bit+3.10-2.17/lib/gcc/x86_64-pc-linux-gnu/6.3.0;/cvmfs/minerva.opensciencegrid.org/minerva/hep_hpc_products/gcc/v6_3_0/Linux64bit+3.10-2.17/lib/gcc;/cvmfs/minerva.opensciencegrid.org/minerva/hep_hpc_products/gcc/v6_3_0/Linux64bit+3.10-2.17/lib64;/lib64;/usr/lib64;/cvmfs/minerva.opensciencegrid.org/minerva/hep_hpc_products/gcc/v6_3_0/Linux64bit+3.10-2.17/lib]
  implicit fwks: []




Detecting C [-std=c11] compiler features compiled with the following output:
Change Dir: /minerva/app/users/sultana/cmtuser/WorkingArea/LowRecoilPions/opt/build/CMakeFiles/CMakeTmp

Run Build Command:"/usr/bin/gmake" "cmTC_efebe/fast"
/usr/bin/gmake -f CMakeFiles/cmTC_efebe.dir/build.make CMakeFiles/cmTC_efebe.dir/build
gmake[1]: Entering directory `/minerva/app/users/sultana/cmtuser/WorkingArea/LowRecoilPions/opt/build/CMakeFiles/CMakeTmp'
Building C object CMakeFiles/cmTC_efebe.dir/feature_tests.c.o
/cvmfs/minerva.opensciencegrid.org/minerva/hep_hpc_products/gcc/v6_3_0/Linux64bit+3.10-2.17/bin/cc    -std=c11 -o CMakeFiles/cmTC_efebe.dir/feature_tests.c.o   -c /minerva/app/users/sultana/cmtuser/WorkingArea/LowRecoilPions/opt/build/CMakeFiles/feature_tests.c
Linking C executable cmTC_efebe
/cvmfs/minerva.opensciencegrid.org/minerva/hep_hpc_products/cmake/v3_7_1/Linux64bit+3.10-2.17/bin/cmake -E cmake_link_script CMakeFiles/cmTC_efebe.dir/link.txt --verbose=1
/cvmfs/minerva.opensciencegrid.org/minerva/hep_hpc_products/gcc/v6_3_0/Linux64bit+3.10-2.17/bin/cc       CMakeFiles/cmTC_efebe.dir/feature_tests.c.o  -o cmTC_efebe -rdynamic 
gmake[1]: Leaving directory `/minerva/app/users/sultana/cmtuser/WorkingArea/LowRecoilPions/opt/build/CMakeFiles/CMakeTmp'


    Feature record: C_FEATURE:1c_function_prototypes
    Feature record: C_FEATURE:1c_restrict
    Feature record: C_FEATURE:1c_static_assert
    Feature record: C_FEATURE:1c_variadic_macros


Detecting C [-std=c99] compiler features compiled with the following output:
Change Dir: /minerva/app/users/sultana/cmtuser/WorkingArea/LowRecoilPions/opt/build/CMakeFiles/CMakeTmp

Run Build Command:"/usr/bin/gmake" "cmTC_51d03/fast"
/usr/bin/gmake -f CMakeFiles/cmTC_51d03.dir/build.make CMakeFiles/cmTC_51d03.dir/build
gmake[1]: Entering directory `/minerva/app/users/sultana/cmtuser/WorkingArea/LowRecoilPions/opt/build/CMakeFiles/CMakeTmp'
Building C object CMakeFiles/cmTC_51d03.dir/feature_tests.c.o
/cvmfs/minerva.opensciencegrid.org/minerva/hep_hpc_products/gcc/v6_3_0/Linux64bit+3.10-2.17/bin/cc    -std=c99 -o CMakeFiles/cmTC_51d03.dir/feature_tests.c.o   -c /minerva/app/users/sultana/cmtuser/WorkingArea/LowRecoilPions/opt/build/CMakeFiles/feature_tests.c
Linking C executable cmTC_51d03
/cvmfs/minerva.opensciencegrid.org/minerva/hep_hpc_products/cmake/v3_7_1/Linux64bit+3.10-2.17/bin/cmake -E cmake_link_script CMakeFiles/cmTC_51d03.dir/link.txt --verbose=1
/cvmfs/minerva.opensciencegrid.org/minerva/hep_hpc_products/gcc/v6_3_0/Linux64bit+3.10-2.17/bin/cc       CMakeFiles/cmTC_51d03.dir/feature_tests.c.o  -o cmTC_51d03 -rdynamic 
gmake[1]: Leaving directory `/minerva/app/users/sultana/cmtuser/WorkingArea/LowRecoilPions/opt/build/CMakeFiles/CMakeTmp'


    Feature record: C_FEATURE:1c_function_prototypes
    Feature record: C_FEATURE:1c_restrict
    Feature record: C_FEATURE:0c_static_assert
    Feature record: C_FEATURE:1c_variadic_macros


Detecting C [-std=c90] compiler features compiled with the following output:
Change Dir: /minerva/app/users/sultana/cmtuser/WorkingArea/LowRecoilPions/opt/build/CMakeFiles/CMakeTmp

Run Build Command:"/usr/bin/gmake" "cmTC_747ff/fast"
/usr/bin/gmake -f CMakeFiles/cmTC_747ff.dir/build.make CMakeFiles/cmTC_747ff.dir/build
gmake[1]: Entering directory `/minerva/app/users/sultana/cmtuser/WorkingArea/LowRecoilPions/opt/build/CMakeFiles/CMakeTmp'
Building C object CMakeFiles/cmTC_747ff.dir/feature_tests.c.o
/cvmfs/minerva.opensciencegrid.org/minerva/hep_hpc_products/gcc/v6_3_0/Linux64bit+3.10-2.17/bin/cc    -std=c90 -o CMakeFiles/cmTC_747ff.dir/feature_tests.c.o   -c /minerva/app/users/sultana/cmtuser/WorkingArea/LowRecoilPions/opt/build/CMakeFiles/feature_tests.c
Linking C executable cmTC_747ff
/cvmfs/minerva.opensciencegrid.org/minerva/hep_hpc_products/cmake/v3_7_1/Linux64bit+3.10-2.17/bin/cmake -E cmake_link_script CMakeFiles/cmTC_747ff.dir/link.txt --verbose=1
/cvmfs/minerva.opensciencegrid.org/minerva/hep_hpc_products/gcc/v6_3_0/Linux64bit+3.10-2.17/bin/cc       CMakeFiles/cmTC_747ff.dir/feature_tests.c.o  -o cmTC_747ff -rdynamic 
gmake[1]: Leaving directory `/minerva/app/users/sultana/cmtuser/WorkingArea/LowRecoilPions/opt/build/CMakeFiles/CMakeTmp'


    Feature record: C_FEATURE:1c_function_prototypes
    Feature record: C_FEATURE:0c_restrict
    Feature record: C_FEATURE:0c_static_assert
    Feature record: C_FEATURE:0c_variadic_macros
Determining if the CXX compiler works passed with the following output:
Change Dir: /minerva/app/users/sultana/cmtuser/WorkingArea/LowRecoilPions/opt/build/CMakeFiles/CMakeTmp

Run Build Command:"/usr/bin/gmake" "cmTC_2397b/fast"
/usr/bin/gmake -f CMakeFiles/cmTC_2397b.dir/build.make CMakeFiles/cmTC_2397b.dir/build
gmake[1]: Entering directory `/minerva/app/users/sultana/cmtuser/WorkingArea/LowRecoilPions/opt/build/CMakeFiles/CMakeTmp'
Building CXX object CMakeFiles/cmTC_2397b.dir/testCXXCompiler.cxx.o
/cvmfs/minerva.opensciencegrid.org/minerva/hep_hpc_products/gcc/v6_3_0/Linux64bit+3.10-2.17/bin/c++      -o CMakeFiles/cmTC_2397b.dir/testCXXCompiler.cxx.o -c /minerva/app/users/sultana/cmtuser/WorkingArea/LowRecoilPions/opt/build/CMakeFiles/CMakeTmp/testCXXCompiler.cxx
Linking CXX executable cmTC_2397b
/cvmfs/minerva.opensciencegrid.org/minerva/hep_hpc_products/cmake/v3_7_1/Linux64bit+3.10-2.17/bin/cmake -E cmake_link_script CMakeFiles/cmTC_2397b.dir/link.txt --verbose=1
/cvmfs/minerva.opensciencegrid.org/minerva/hep_hpc_products/gcc/v6_3_0/Linux64bit+3.10-2.17/bin/c++        CMakeFiles/cmTC_2397b.dir/testCXXCompiler.cxx.o  -o cmTC_2397b -rdynamic 
gmake[1]: Leaving directory `/minerva/app/users/sultana/cmtuser/WorkingArea/LowRecoilPions/opt/build/CMakeFiles/CMakeTmp'


Detecting CXX compiler ABI info compiled with the following output:
Change Dir: /minerva/app/users/sultana/cmtuser/WorkingArea/LowRecoilPions/opt/build/CMakeFiles/CMakeTmp

Run Build Command:"/usr/bin/gmake" "cmTC_ff5a2/fast"
/usr/bin/gmake -f CMakeFiles/cmTC_ff5a2.dir/build.make CMakeFiles/cmTC_ff5a2.dir/build
gmake[1]: Entering directory `/minerva/app/users/sultana/cmtuser/WorkingArea/LowRecoilPions/opt/build/CMakeFiles/CMakeTmp'
Building CXX object CMakeFiles/cmTC_ff5a2.dir/CMakeCXXCompilerABI.cpp.o
/cvmfs/minerva.opensciencegrid.org/minerva/hep_hpc_products/gcc/v6_3_0/Linux64bit+3.10-2.17/bin/c++      -o CMakeFiles/cmTC_ff5a2.dir/CMakeCXXCompilerABI.cpp.o -c /cvmfs/minerva.opensciencegrid.org/minerva/hep_hpc_products/cmake/v3_7_1/Linux64bit+3.10-2.17/share/cmake-3.7/Modules/CMakeCXXCompilerABI.cpp
Linking CXX executable cmTC_ff5a2
/cvmfs/minerva.opensciencegrid.org/minerva/hep_hpc_products/cmake/v3_7_1/Linux64bit+3.10-2.17/bin/cmake -E cmake_link_script CMakeFiles/cmTC_ff5a2.dir/link.txt --verbose=1
/cvmfs/minerva.opensciencegrid.org/minerva/hep_hpc_products/gcc/v6_3_0/Linux64bit+3.10-2.17/bin/c++       -v CMakeFiles/cmTC_ff5a2.dir/CMakeCXXCompilerABI.cpp.o  -o cmTC_ff5a2 -rdynamic  
Using built-in specs.
COLLECT_GCC=/cvmfs/minerva.opensciencegrid.org/minerva/hep_hpc_products/gcc/v6_3_0/Linux64bit+3.10-2.17/bin/c++
COLLECT_LTO_WRAPPER=/cvmfs/minerva.opensciencegrid.org/minerva/hep_hpc_products/gcc/v6_3_0/Linux64bit+3.10-2.17/bin/../libexec/gcc/x86_64-pc-linux-gnu/6.3.0/lto-wrapper
Target: x86_64-pc-linux-gnu
Configured with: ./configure --prefix=/scratch/workspace/art-build-base/v6_3_0/SLF7/build/gcc/v6_3_0/Linux64bit+3.10-2.17 --disable-libgcj --enable-threads=posix --enable-__cxa_atexit --enable-languages=c,c++,fortran,lto --with-system-zlib --enable-libstdcxx-time=rt --enable-stage1-checking=yes --enable-checking=release --enable-lto --enable-plugin
Thread model: posix
gcc version 6.3.0 (GCC) 
COMPILER_PATH=/cvmfs/minerva.opensciencegrid.org/minerva/hep_hpc_products/gcc/v6_3_0/Linux64bit+3.10-2.17/bin/../libexec/gcc/x86_64-pc-linux-gnu/6.3.0/:/cvmfs/minerva.opensciencegrid.org/minerva/hep_hpc_products/gcc/v6_3_0/Linux64bit+3.10-2.17/bin/../libexec/gcc/:/cvmfs/minerva.opensciencegrid.org/minerva/hep_hpc_products/gcc/v6_3_0/Linux64bit+3.10-2.17/bin/
LIBRARY_PATH=/cvmfs/minerva.opensciencegrid.org/minerva/hep_hpc_products/gcc/v6_3_0/Linux64bit+3.10-2.17/bin/../lib/gcc/x86_64-pc-linux-gnu/6.3.0/:/cvmfs/minerva.opensciencegrid.org/minerva/hep_hpc_products/gcc/v6_3_0/Linux64bit+3.10-2.17/bin/../lib/gcc/:/cvmfs/minerva.opensciencegrid.org/minerva/hep_hpc_products/gcc/v6_3_0/Linux64bit+3.10-2.17/bin/../lib/gcc/x86_64-pc-linux-gnu/6.3.0/../../../../lib64/:/lib/../lib64/:/usr/lib/../lib64/:/cvmfs/minerva.opensciencegrid.org/minerva/hep_hpc_products/gcc/v6_3_0/Linux64bit+3.10-2.17/bin/../lib/gcc/x86_64-pc-linux-gnu/6.3.0/../../../:/lib/:/usr/lib/
COLLECT_GCC_OPTIONS='-v' '-o' 'cmTC_ff5a2' '-rdynamic' '-shared-libgcc' '-mtune=generic' '-march=x86-64'
 /cvmfs/minerva.opensciencegrid.org/minerva/hep_hpc_products/gcc/v6_3_0/Linux64bit+3.10-2.17/bin/../libexec/gcc/x86_64-pc-linux-gnu/6.3.0/collect2 -plugin /cvmfs/minerva.opensciencegrid.org/minerva/hep_hpc_products/gcc/v6_3_0/Linux64bit+3.10-2.17/bin/../libexec/gcc/x86_64-pc-linux-gnu/6.3.0/liblto_plugin.so -plugin-opt=/cvmfs/minerva.opensciencegrid.org/minerva/hep_hpc_products/gcc/v6_3_0/Linux64bit+3.10-2.17/bin/../libexec/gcc/x86_64-pc-linux-gnu/6.3.0/lto-wrapper -plugin-opt=-fresolution=/tmp/ccL60ppk.res -plugin-opt=-pass-through=-lgcc_s -plugin-opt=-pass-through=-lgcc -plugin-opt=-pass-through=-lc -plugin-opt=-pass-through=-lgcc_s -plugin-opt=-pass-through=-lgcc --eh-frame-hdr -m elf_x86_64 -export-dynamic -dynamic-linker /lib64/ld-linux-x86-64.so.2 -o cmTC_ff5a2 /lib/../lib64/crt1.o /lib/../lib64/crti.o /cvmfs/minerva.opensciencegrid.org/minerva/hep_hpc_products/gcc/v6_3_0/Linux64bit+3.10-2.17/bin/../lib/gcc/x86_64-pc-linux-gnu/6.3.0/crtbegin.o -L/cvmfs/minerva.opensciencegrid.org/minerva/hep_hpc_products/gcc/v6_3_0/Linux64bit+3.10-2.17/bin/../lib/gcc/x86_64-pc-linux-gnu/6.3.0 -L/cvmfs/minerva.opensciencegrid.org/minerva/hep_hpc_products/gcc/v6_3_0/Linux64bit+3.10-2.17/bin/../lib/gcc -L/cvmfs/minerva.opensciencegrid.org/minerva/hep_hpc_products/gcc/v6_3_0/Linux64bit+3.10-2.17/bin/../lib/gcc/x86_64-pc-linux-gnu/6.3.0/../../../../lib64 -L/lib/../lib64 -L/usr/lib/../lib64 -L/cvmfs/minerva.opensciencegrid.org/minerva/hep_hpc_products/gcc/v6_3_0/Linux64bit+3.10-2.17/bin/../lib/gcc/x86_64-pc-linux-gnu/6.3.0/../../.. CMakeFiles/cmTC_ff5a2.dir/CMakeCXXCompilerABI.cpp.o -lstdc++ -lm -lgcc_s -lgcc -lc -lgcc_s -lgcc /cvmfs/minerva.opensciencegrid.org/minerva/hep_hpc_products/gcc/v6_3_0/Linux64bit+3.10-2.17/bin/../lib/gcc/x86_64-pc-linux-gnu/6.3.0/crtend.o /lib/../lib64/crtn.o
COLLECT_GCC_OPTIONS='-v' '-o' 'cmTC_ff5a2' '-rdynamic' '-shared-libgcc' '-mtune=generic' '-march=x86-64'
gmake[1]: Leaving directory `/minerva/app/users/sultana/cmtuser/WorkingArea/LowRecoilPions/opt/build/CMakeFiles/CMakeTmp'


Parsed CXX implicit link information from above output:
  link line regex: [^( *|.*[/\])(ld|([^/\]+-)?ld|collect2)[^/\]*( |$)]
  ignore line: [Change Dir: /minerva/app/users/sultana/cmtuser/WorkingArea/LowRecoilPions/opt/build/CMakeFiles/CMakeTmp]
  ignore line: []
  ignore line: [Run Build Command:"/usr/bin/gmake" "cmTC_ff5a2/fast"]
  ignore line: [/usr/bin/gmake -f CMakeFiles/cmTC_ff5a2.dir/build.make CMakeFiles/cmTC_ff5a2.dir/build]
  ignore line: [gmake[1]: Entering directory `/minerva/app/users/sultana/cmtuser/WorkingArea/LowRecoilPions/opt/build/CMakeFiles/CMakeTmp']
  ignore line: [Building CXX object CMakeFiles/cmTC_ff5a2.dir/CMakeCXXCompilerABI.cpp.o]
  ignore line: [/cvmfs/minerva.opensciencegrid.org/minerva/hep_hpc_products/gcc/v6_3_0/Linux64bit+3.10-2.17/bin/c++      -o CMakeFiles/cmTC_ff5a2.dir/CMakeCXXCompilerABI.cpp.o -c /cvmfs/minerva.opensciencegrid.org/minerva/hep_hpc_products/cmake/v3_7_1/Linux64bit+3.10-2.17/share/cmake-3.7/Modules/CMakeCXXCompilerABI.cpp]
  ignore line: [Linking CXX executable cmTC_ff5a2]
  ignore line: [/cvmfs/minerva.opensciencegrid.org/minerva/hep_hpc_products/cmake/v3_7_1/Linux64bit+3.10-2.17/bin/cmake -E cmake_link_script CMakeFiles/cmTC_ff5a2.dir/link.txt --verbose=1]
  ignore line: [/cvmfs/minerva.opensciencegrid.org/minerva/hep_hpc_products/gcc/v6_3_0/Linux64bit+3.10-2.17/bin/c++       -v CMakeFiles/cmTC_ff5a2.dir/CMakeCXXCompilerABI.cpp.o  -o cmTC_ff5a2 -rdynamic  ]
  ignore line: [Using built-in specs.]
  ignore line: [COLLECT_GCC=/cvmfs/minerva.opensciencegrid.org/minerva/hep_hpc_products/gcc/v6_3_0/Linux64bit+3.10-2.17/bin/c++]
  ignore line: [COLLECT_LTO_WRAPPER=/cvmfs/minerva.opensciencegrid.org/minerva/hep_hpc_products/gcc/v6_3_0/Linux64bit+3.10-2.17/bin/../libexec/gcc/x86_64-pc-linux-gnu/6.3.0/lto-wrapper]
  ignore line: [Target: x86_64-pc-linux-gnu]
  ignore line: [Configured with: ./configure --prefix=/scratch/workspace/art-build-base/v6_3_0/SLF7/build/gcc/v6_3_0/Linux64bit+3.10-2.17 --disable-libgcj --enable-threads=posix --enable-__cxa_atexit --enable-languages=c,c++,fortran,lto --with-system-zlib --enable-libstdcxx-time=rt --enable-stage1-checking=yes --enable-checking=release --enable-lto --enable-plugin]
  ignore line: [Thread model: posix]
  ignore line: [gcc version 6.3.0 (GCC) ]
  ignore line: [COMPILER_PATH=/cvmfs/minerva.opensciencegrid.org/minerva/hep_hpc_products/gcc/v6_3_0/Linux64bit+3.10-2.17/bin/../libexec/gcc/x86_64-pc-linux-gnu/6.3.0/:/cvmfs/minerva.opensciencegrid.org/minerva/hep_hpc_products/gcc/v6_3_0/Linux64bit+3.10-2.17/bin/../libexec/gcc/:/cvmfs/minerva.opensciencegrid.org/minerva/hep_hpc_products/gcc/v6_3_0/Linux64bit+3.10-2.17/bin/]
  ignore line: [LIBRARY_PATH=/cvmfs/minerva.opensciencegrid.org/minerva/hep_hpc_products/gcc/v6_3_0/Linux64bit+3.10-2.17/bin/../lib/gcc/x86_64-pc-linux-gnu/6.3.0/:/cvmfs/minerva.opensciencegrid.org/minerva/hep_hpc_products/gcc/v6_3_0/Linux64bit+3.10-2.17/bin/../lib/gcc/:/cvmfs/minerva.opensciencegrid.org/minerva/hep_hpc_products/gcc/v6_3_0/Linux64bit+3.10-2.17/bin/../lib/gcc/x86_64-pc-linux-gnu/6.3.0/../../../../lib64/:/lib/../lib64/:/usr/lib/../lib64/:/cvmfs/minerva.opensciencegrid.org/minerva/hep_hpc_products/gcc/v6_3_0/Linux64bit+3.10-2.17/bin/../lib/gcc/x86_64-pc-linux-gnu/6.3.0/../../../:/lib/:/usr/lib/]
  ignore line: [COLLECT_GCC_OPTIONS='-v' '-o' 'cmTC_ff5a2' '-rdynamic' '-shared-libgcc' '-mtune=generic' '-march=x86-64']
  link line: [ /cvmfs/minerva.opensciencegrid.org/minerva/hep_hpc_products/gcc/v6_3_0/Linux64bit+3.10-2.17/bin/../libexec/gcc/x86_64-pc-linux-gnu/6.3.0/collect2 -plugin /cvmfs/minerva.opensciencegrid.org/minerva/hep_hpc_products/gcc/v6_3_0/Linux64bit+3.10-2.17/bin/../libexec/gcc/x86_64-pc-linux-gnu/6.3.0/liblto_plugin.so -plugin-opt=/cvmfs/minerva.opensciencegrid.org/minerva/hep_hpc_products/gcc/v6_3_0/Linux64bit+3.10-2.17/bin/../libexec/gcc/x86_64-pc-linux-gnu/6.3.0/lto-wrapper -plugin-opt=-fresolution=/tmp/ccL60ppk.res -plugin-opt=-pass-through=-lgcc_s -plugin-opt=-pass-through=-lgcc -plugin-opt=-pass-through=-lc -plugin-opt=-pass-through=-lgcc_s -plugin-opt=-pass-through=-lgcc --eh-frame-hdr -m elf_x86_64 -export-dynamic -dynamic-linker /lib64/ld-linux-x86-64.so.2 -o cmTC_ff5a2 /lib/../lib64/crt1.o /lib/../lib64/crti.o /cvmfs/minerva.opensciencegrid.org/minerva/hep_hpc_products/gcc/v6_3_0/Linux64bit+3.10-2.17/bin/../lib/gcc/x86_64-pc-linux-gnu/6.3.0/crtbegin.o -L/cvmfs/minerva.opensciencegrid.org/minerva/hep_hpc_products/gcc/v6_3_0/Linux64bit+3.10-2.17/bin/../lib/gcc/x86_64-pc-linux-gnu/6.3.0 -L/cvmfs/minerva.opensciencegrid.org/minerva/hep_hpc_products/gcc/v6_3_0/Linux64bit+3.10-2.17/bin/../lib/gcc -L/cvmfs/minerva.opensciencegrid.org/minerva/hep_hpc_products/gcc/v6_3_0/Linux64bit+3.10-2.17/bin/../lib/gcc/x86_64-pc-linux-gnu/6.3.0/../../../../lib64 -L/lib/../lib64 -L/usr/lib/../lib64 -L/cvmfs/minerva.opensciencegrid.org/minerva/hep_hpc_products/gcc/v6_3_0/Linux64bit+3.10-2.17/bin/../lib/gcc/x86_64-pc-linux-gnu/6.3.0/../../.. CMakeFiles/cmTC_ff5a2.dir/CMakeCXXCompilerABI.cpp.o -lstdc++ -lm -lgcc_s -lgcc -lc -lgcc_s -lgcc /cvmfs/minerva.opensciencegrid.org/minerva/hep_hpc_products/gcc/v6_3_0/Linux64bit+3.10-2.17/bin/../lib/gcc/x86_64-pc-linux-gnu/6.3.0/crtend.o /lib/../lib64/crtn.o]
    arg [/cvmfs/minerva.opensciencegrid.org/minerva/hep_hpc_products/gcc/v6_3_0/Linux64bit+3.10-2.17/bin/../libexec/gcc/x86_64-pc-linux-gnu/6.3.0/collect2] ==> ignore
    arg [-plugin] ==> ignore
    arg [/cvmfs/minerva.opensciencegrid.org/minerva/hep_hpc_products/gcc/v6_3_0/Linux64bit+3.10-2.17/bin/../libexec/gcc/x86_64-pc-linux-gnu/6.3.0/liblto_plugin.so] ==> ignore
    arg [-plugin-opt=/cvmfs/minerva.opensciencegrid.org/minerva/hep_hpc_products/gcc/v6_3_0/Linux64bit+3.10-2.17/bin/../libexec/gcc/x86_64-pc-linux-gnu/6.3.0/lto-wrapper] ==> ignore
    arg [-plugin-opt=-fresolution=/tmp/ccL60ppk.res] ==> ignore
    arg [-plugin-opt=-pass-through=-lgcc_s] ==> ignore
    arg [-plugin-opt=-pass-through=-lgcc] ==> ignore
    arg [-plugin-opt=-pass-through=-lc] ==> ignore
    arg [-plugin-opt=-pass-through=-lgcc_s] ==> ignore
    arg [-plugin-opt=-pass-through=-lgcc] ==> ignore
    arg [--eh-frame-hdr] ==> ignore
    arg [-m] ==> ignore
    arg [elf_x86_64] ==> ignore
    arg [-export-dynamic] ==> ignore
    arg [-dynamic-linker] ==> ignore
    arg [/lib64/ld-linux-x86-64.so.2] ==> ignore
    arg [-o] ==> ignore
    arg [cmTC_ff5a2] ==> ignore
    arg [/lib/../lib64/crt1.o] ==> ignore
    arg [/lib/../lib64/crti.o] ==> ignore
    arg [/cvmfs/minerva.opensciencegrid.org/minerva/hep_hpc_products/gcc/v6_3_0/Linux64bit+3.10-2.17/bin/../lib/gcc/x86_64-pc-linux-gnu/6.3.0/crtbegin.o] ==> ignore
    arg [-L/cvmfs/minerva.opensciencegrid.org/minerva/hep_hpc_products/gcc/v6_3_0/Linux64bit+3.10-2.17/bin/../lib/gcc/x86_64-pc-linux-gnu/6.3.0] ==> dir [/cvmfs/minerva.opensciencegrid.org/minerva/hep_hpc_products/gcc/v6_3_0/Linux64bit+3.10-2.17/bin/../lib/gcc/x86_64-pc-linux-gnu/6.3.0]
    arg [-L/cvmfs/minerva.opensciencegrid.org/minerva/hep_hpc_products/gcc/v6_3_0/Linux64bit+3.10-2.17/bin/../lib/gcc] ==> dir [/cvmfs/minerva.opensciencegrid.org/minerva/hep_hpc_products/gcc/v6_3_0/Linux64bit+3.10-2.17/bin/../lib/gcc]
    arg [-L/cvmfs/minerva.opensciencegrid.org/minerva/hep_hpc_products/gcc/v6_3_0/Linux64bit+3.10-2.17/bin/../lib/gcc/x86_64-pc-linux-gnu/6.3.0/../../../../lib64] ==> dir [/cvmfs/minerva.opensciencegrid.org/minerva/hep_hpc_products/gcc/v6_3_0/Linux64bit+3.10-2.17/bin/../lib/gcc/x86_64-pc-linux-gnu/6.3.0/../../../../lib64]
    arg [-L/lib/../lib64] ==> dir [/lib/../lib64]
    arg [-L/usr/lib/../lib64] ==> dir [/usr/lib/../lib64]
    arg [-L/cvmfs/minerva.opensciencegrid.org/minerva/hep_hpc_products/gcc/v6_3_0/Linux64bit+3.10-2.17/bin/../lib/gcc/x86_64-pc-linux-gnu/6.3.0/../../..] ==> dir [/cvmfs/minerva.opensciencegrid.org/minerva/hep_hpc_products/gcc/v6_3_0/Linux64bit+3.10-2.17/bin/../lib/gcc/x86_64-pc-linux-gnu/6.3.0/../../..]
    arg [CMakeFiles/cmTC_ff5a2.dir/CMakeCXXCompilerABI.cpp.o] ==> ignore
    arg [-lstdc++] ==> lib [stdc++]
    arg [-lm] ==> lib [m]
    arg [-lgcc_s] ==> lib [gcc_s]
    arg [-lgcc] ==> lib [gcc]
    arg [-lc] ==> lib [c]
    arg [-lgcc_s] ==> lib [gcc_s]
    arg [-lgcc] ==> lib [gcc]
    arg [/cvmfs/minerva.opensciencegrid.org/minerva/hep_hpc_products/gcc/v6_3_0/Linux64bit+3.10-2.17/bin/../lib/gcc/x86_64-pc-linux-gnu/6.3.0/crtend.o] ==> ignore
    arg [/lib/../lib64/crtn.o] ==> ignore
  remove lib [gcc_s]
  remove lib [gcc]
  remove lib [gcc_s]
  remove lib [gcc]
  collapse library dir [/cvmfs/minerva.opensciencegrid.org/minerva/hep_hpc_products/gcc/v6_3_0/Linux64bit+3.10-2.17/bin/../lib/gcc/x86_64-pc-linux-gnu/6.3.0] ==> [/cvmfs/minerva.opensciencegrid.org/minerva/hep_hpc_products/gcc/v6_3_0/Linux64bit+3.10-2.17/lib/gcc/x86_64-pc-linux-gnu/6.3.0]
  collapse library dir [/cvmfs/minerva.opensciencegrid.org/minerva/hep_hpc_products/gcc/v6_3_0/Linux64bit+3.10-2.17/bin/../lib/gcc] ==> [/cvmfs/minerva.opensciencegrid.org/minerva/hep_hpc_products/gcc/v6_3_0/Linux64bit+3.10-2.17/lib/gcc]
  collapse library dir [/cvmfs/minerva.opensciencegrid.org/minerva/hep_hpc_products/gcc/v6_3_0/Linux64bit+3.10-2.17/bin/../lib/gcc/x86_64-pc-linux-gnu/6.3.0/../../../../lib64] ==> [/cvmfs/minerva.opensciencegrid.org/minerva/hep_hpc_products/gcc/v6_3_0/Linux64bit+3.10-2.17/lib64]
  collapse library dir [/lib/../lib64] ==> [/lib64]
  collapse library dir [/usr/lib/../lib64] ==> [/usr/lib64]
  collapse library dir [/cvmfs/minerva.opensciencegrid.org/minerva/hep_hpc_products/gcc/v6_3_0/Linux64bit+3.10-2.17/bin/../lib/gcc/x86_64-pc-linux-gnu/6.3.0/../../..] ==> [/cvmfs/minerva.opensciencegrid.org/minerva/hep_hpc_products/gcc/v6_3_0/Linux64bit+3.10-2.17/lib]
  implicit libs: [stdc++;m;c]
  implicit dirs: [/cvmfs/minerva.opensciencegrid.org/minerva/hep_hpc_products/gcc/v6_3_0/Linux64bit+3.10-2.17/lib/gcc/x86_64-pc-linux-gnu/6.3.0;/cvmfs/minerva.opensciencegrid.org/minerva/hep_hpc_products/gcc/v6_3_0/Linux64bit+3.10-2.17/lib/gcc;/cvmfs/minerva.opensciencegrid.org/minerva/hep_hpc_products/gcc/v6_3_0/Linux64bit+3.10-2.17/lib64;/lib64;/usr/lib64;/cvmfs/minerva.opensciencegrid.org/minerva/hep_hpc_products/gcc/v6_3_0/Linux64bit+3.10-2.17/lib]
  implicit fwks: []




Detecting CXX [-std=c++14] compiler features compiled with the following output:
Change Dir: /minerva/app/users/sultana/cmtuser/WorkingArea/LowRecoilPions/opt/build/CMakeFiles/CMakeTmp

Run Build Command:"/usr/bin/gmake" "cmTC_8cf1f/fast"
/usr/bin/gmake -f CMakeFiles/cmTC_8cf1f.dir/build.make CMakeFiles/cmTC_8cf1f.dir/build
gmake[1]: Entering directory `/minerva/app/users/sultana/cmtuser/WorkingArea/LowRecoilPions/opt/build/CMakeFiles/CMakeTmp'
Building CXX object CMakeFiles/cmTC_8cf1f.dir/feature_tests.cxx.o
/cvmfs/minerva.opensciencegrid.org/minerva/hep_hpc_products/gcc/v6_3_0/Linux64bit+3.10-2.17/bin/c++     -std=c++14 -o CMakeFiles/cmTC_8cf1f.dir/feature_tests.cxx.o -c /minerva/app/users/sultana/cmtuser/WorkingArea/LowRecoilPions/opt/build/CMakeFiles/feature_tests.cxx
Linking CXX executable cmTC_8cf1f
/cvmfs/minerva.opensciencegrid.org/minerva/hep_hpc_products/cmake/v3_7_1/Linux64bit+3.10-2.17/bin/cmake -E cmake_link_script CMakeFiles/cmTC_8cf1f.dir/link.txt --verbose=1
/cvmfs/minerva.opensciencegrid.org/minerva/hep_hpc_products/gcc/v6_3_0/Linux64bit+3.10-2.17/bin/c++        CMakeFiles/cmTC_8cf1f.dir/feature_tests.cxx.o  -o cmTC_8cf1f -rdynamic 
gmake[1]: Leaving directory `/minerva/app/users/sultana/cmtuser/WorkingArea/LowRecoilPions/opt/build/CMakeFiles/CMakeTmp'


    Feature record: CXX_FEATURE:1cxx_aggregate_default_initializers
    Feature record: CXX_FEATURE:1cxx_alias_templates
    Feature record: CXX_FEATURE:1cxx_alignas
    Feature record: CXX_FEATURE:1cxx_alignof
    Feature record: CXX_FEATURE:1cxx_attributes
    Feature record: CXX_FEATURE:1cxx_attribute_deprecated
    Feature record: CXX_FEATURE:1cxx_auto_type
    Feature record: CXX_FEATURE:1cxx_binary_literals
    Feature record: CXX_FEATURE:1cxx_constexpr
    Feature record: CXX_FEATURE:1cxx_contextual_conversions
    Feature record: CXX_FEATURE:1cxx_decltype
    Feature record: CXX_FEATURE:1cxx_decltype_auto
    Feature record: CXX_FEATURE:1cxx_decltype_incomplete_return_types
    Feature record: CXX_FEATURE:1cxx_default_function_template_args
    Feature record: CXX_FEATURE:1cxx_defaulted_functions
    Feature record: CXX_FEATURE:1cxx_defaulted_move_initializers
    Feature record: CXX_FEATURE:1cxx_delegating_constructors
    Feature record: CXX_FEATURE:1cxx_deleted_functions
    Feature record: CXX_FEATURE:1cxx_digit_separators
    Feature record: CXX_FEATURE:1cxx_enum_forward_declarations
    Feature record: CXX_FEATURE:1cxx_explicit_conversions
    Feature record: CXX_FEATURE:1cxx_extended_friend_declarations
    Feature record: CXX_FEATURE:1cxx_extern_templates
    Feature record: CXX_FEATURE:1cxx_final
    Feature record: CXX_FEATURE:1cxx_func_identifier
    Feature record: CXX_FEATURE:1cxx_generalized_initializers
    Feature record: CXX_FEATURE:1cxx_generic_lambdas
    Feature record: CXX_FEATURE:1cxx_inheriting_constructors
    Feature record: CXX_FEATURE:1cxx_inline_namespaces
    Feature record: CXX_FEATURE:1cxx_lambdas
    Feature record: CXX_FEATURE:1cxx_lambda_init_captures
    Feature record: CXX_FEATURE:1cxx_local_type_template_args
    Feature record: CXX_FEATURE:1cxx_long_long_type
    Feature record: CXX_FEATURE:1cxx_noexcept
    Feature record: CXX_FEATURE:1cxx_nonstatic_member_init
    Feature record: CXX_FEATURE:1cxx_nullptr
    Feature record: CXX_FEATURE:1cxx_override
    Feature record: CXX_FEATURE:1cxx_range_for
    Feature record: CXX_FEATURE:1cxx_raw_string_literals
    Feature record: CXX_FEATURE:1cxx_reference_qualified_functions
    Feature record: CXX_FEATURE:1cxx_relaxed_constexpr
    Feature record: CXX_FEATURE:1cxx_return_type_deduction
    Feature record: CXX_FEATURE:1cxx_right_angle_brackets
    Feature record: CXX_FEATURE:1cxx_rvalue_references
    Feature record: CXX_FEATURE:1cxx_sizeof_member
    Feature record: CXX_FEATURE:1cxx_static_assert
    Feature record: CXX_FEATURE:1cxx_strong_enums
    Feature record: CXX_FEATURE:1cxx_template_template_parameters
    Feature record: CXX_FEATURE:1cxx_thread_local
    Feature record: CXX_FEATURE:1cxx_trailing_return_types
    Feature record: CXX_FEATURE:1cxx_unicode_literals
    Feature record: CXX_FEATURE:1cxx_uniform_initialization
    Feature record: CXX_FEATURE:1cxx_unrestricted_unions
    Feature record: CXX_FEATURE:1cxx_user_literals
    Feature record: CXX_FEATURE:1cxx_variable_templates
    Feature record: CXX_FEATURE:1cxx_variadic_macros
    Feature record: CXX_FEATURE:1cxx_variadic_templates


Detecting CXX [-std=c++11] compiler features compiled with the following output:
Change Dir: /minerva/app/users/sultana/cmtuser/WorkingArea/LowRecoilPions/opt/build/CMakeFiles/CMakeTmp

Run Build Command:"/usr/bin/gmake" "cmTC_fe586/fast"
/usr/bin/gmake -f CMakeFiles/cmTC_fe586.dir/build.make CMakeFiles/cmTC_fe586.dir/build
gmake[1]: Entering directory `/minerva/app/users/sultana/cmtuser/WorkingArea/LowRecoilPions/opt/build/CMakeFiles/CMakeTmp'
Building CXX object CMakeFiles/cmTC_fe586.dir/feature_tests.cxx.o
/cvmfs/minerva.opensciencegrid.org/minerva/hep_hpc_products/gcc/v6_3_0/Linux64bit+3.10-2.17/bin/c++     -std=c++11 -o CMakeFiles/cmTC_fe586.dir/feature_tests.cxx.o -c /minerva/app/users/sultana/cmtuser/WorkingArea/LowRecoilPions/opt/build/CMakeFiles/feature_tests.cxx
Linking CXX executable cmTC_fe586
/cvmfs/minerva.opensciencegrid.org/minerva/hep_hpc_products/cmake/v3_7_1/Linux64bit+3.10-2.17/bin/cmake -E cmake_link_script CMakeFiles/cmTC_fe586.dir/link.txt --verbose=1
/cvmfs/minerva.opensciencegrid.org/minerva/hep_hpc_products/gcc/v6_3_0/Linux64bit+3.10-2.17/bin/c++        CMakeFiles/cmTC_fe586.dir/feature_tests.cxx.o  -o cmTC_fe586 -rdynamic 
gmake[1]: Leaving directory `/minerva/app/users/sultana/cmtuser/WorkingArea/LowRecoilPions/opt/build/CMakeFiles/CMakeTmp'


    Feature record: CXX_FEATURE:0cxx_aggregate_default_initializers
    Feature record: CXX_FEATURE:1cxx_alias_templates
    Feature record: CXX_FEATURE:1cxx_alignas
    Feature record: CXX_FEATURE:1cxx_alignof
    Feature record: CXX_FEATURE:1cxx_attributes
    Feature record: CXX_FEATURE:0cxx_attribute_deprecated
    Feature record: CXX_FEATURE:1cxx_auto_type
    Feature record: CXX_FEATURE:0cxx_binary_literals
    Feature record: CXX_FEATURE:1cxx_constexpr
    Feature record: CXX_FEATURE:0cxx_contextual_conversions
    Feature record: CXX_FEATURE:1cxx_decltype
    Feature record: CXX_FEATURE:0cxx_decltype_auto
    Feature record: CXX_FEATURE:1cxx_decltype_incomplete_return_types
    Feature record: CXX_FEATURE:1cxx_default_function_template_args
    Feature record: CXX_FEATURE:1cxx_defaulted_functions
    Feature record: CXX_FEATURE:1cxx_defaulted_move_initializers
    Feature record: CXX_FEATURE:1cxx_delegating_constructors
    Feature record: CXX_FEATURE:1cxx_deleted_functions
    Feature record: CXX_FEATURE:0cxx_digit_separators
    Feature record: CXX_FEATURE:1cxx_enum_forward_declarations
    Feature record: CXX_FEATURE:1cxx_explicit_conversions
    Feature record: CXX_FEATURE:1cxx_extended_friend_declarations
    Feature record: CXX_FEATURE:1cxx_extern_templates
    Feature record: CXX_FEATURE:1cxx_final
    Feature record: CXX_FEATURE:1cxx_func_identifier
    Feature record: CXX_FEATURE:1cxx_generalized_initializers
    Feature record: CXX_FEATURE:0cxx_generic_lambdas
    Feature record: CXX_FEATURE:1cxx_inheriting_constructors
    Feature record: CXX_FEATURE:1cxx_inline_namespaces
    Feature record: CXX_FEATURE:1cxx_lambdas
    Feature record: CXX_FEATURE:0cxx_lambda_init_captures
    Feature record: CXX_FEATURE:1cxx_local_type_template_args
    Feature record: CXX_FEATURE:1cxx_long_long_type
    Feature record: CXX_FEATURE:1cxx_noexcept
    Feature record: CXX_FEATURE:1cxx_nonstatic_member_init
    Feature record: CXX_FEATURE:1cxx_nullptr
    Feature record: CXX_FEATURE:1cxx_override
    Feature record: CXX_FEATURE:1cxx_range_for
    Feature record: CXX_FEATURE:1cxx_raw_string_literals
    Feature record: CXX_FEATURE:1cxx_reference_qualified_functions
    Feature record: CXX_FEATURE:0cxx_relaxed_constexpr
    Feature record: CXX_FEATURE:0cxx_return_type_deduction
    Feature record: CXX_FEATURE:1cxx_right_angle_brackets
    Feature record: CXX_FEATURE:1cxx_rvalue_references
    Feature record: CXX_FEATURE:1cxx_sizeof_member
    Feature record: CXX_FEATURE:1cxx_static_assert
    Feature record: CXX_FEATURE:1cxx_strong_enums
    Feature record: CXX_FEATURE:1cxx_template_template_parameters
    Feature record: CXX_FEATURE:1cxx_thread_local
    Feature record: CXX_FEATURE:1cxx_trailing_return_types
    Feature record: CXX_FEATURE:1cxx_unicode_literals
    Feature record: CXX_FEATURE:1cxx_uniform_initialization
    Feature record: CXX_FEATURE:1cxx_unrestricted_unions
    Feature record: CXX_FEATURE:1cxx_user_literals
    Feature record: CXX_FEATURE:0cxx_variable_templates
    Feature record: CXX_FEATURE:1cxx_variadic_macros
    Feature record: CXX_FEATURE:1cxx_variadic_templates


Detecting CXX [-std=c++98] compiler features compiled with the following output:
Change Dir: /minerva/app/users/sultana/cmtuser/WorkingArea/LowRecoilPions/opt/build/CMakeFiles/CMakeTmp

Run Build Command:"/usr/bin/gmake" "cmTC_1c168/fast"
/usr/bin/gmake -f CMakeFiles/cmTC_1c168.dir/build.make CMakeFiles/cmTC_1c168.dir/build
gmake[1]: Entering directory `/minerva/app/users/sultana/cmtuser/WorkingArea/LowRecoilPions/opt/build/CMakeFiles/CMakeTmp'
Building CXX object CMakeFiles/cmTC_1c168.dir/feature_tests.cxx.o
/cvmfs/minerva.opensciencegrid.org/minerva/hep_hpc_products/gcc/v6_3_0/Linux64bit+3.10-2.17/bin/c++     -std=c++98 -o CMakeFiles/cmTC_1c168.dir/feature_tests.cxx.o -c /minerva/app/users/sultana/cmtuser/WorkingArea/LowRecoilPions/opt/build/CMakeFiles/feature_tests.cxx
Linking CXX executable cmTC_1c168
/cvmfs/minerva.opensciencegrid.org/minerva/hep_hpc_products/cmake/v3_7_1/Linux64bit+3.10-2.17/bin/cmake -E cmake_link_script CMakeFiles/cmTC_1c168.dir/link.txt --verbose=1
/cvmfs/minerva.opensciencegrid.org/minerva/hep_hpc_products/gcc/v6_3_0/Linux64bit+3.10-2.17/bin/c++        CMakeFiles/cmTC_1c168.dir/feature_tests.cxx.o  -o cmTC_1c168 -rdynamic 
gmake[1]: Leaving directory `/minerva/app/users/sultana/cmtuser/WorkingArea/LowRecoilPions/opt/build/CMakeFiles/CMakeTmp'


    Feature record: CXX_FEATURE:0cxx_aggregate_default_initializers
    Feature record: CXX_FEATURE:0cxx_alias_templates
    Feature record: CXX_FEATURE:0cxx_alignas
    Feature record: CXX_FEATURE:0cxx_alignof
    Feature record: CXX_FEATURE:0cxx_attributes
    Feature record: CXX_FEATURE:0cxx_attribute_deprecated
    Feature record: CXX_FEATURE:0cxx_auto_type
    Feature record: CXX_FEATURE:0cxx_binary_literals
    Feature record: CXX_FEATURE:0cxx_constexpr
    Feature record: CXX_FEATURE:0cxx_contextual_conversions
    Feature record: CXX_FEATURE:0cxx_decltype
    Feature record: CXX_FEATURE:0cxx_decltype_auto
    Feature record: CXX_FEATURE:0cxx_decltype_incomplete_return_types
    Feature record: CXX_FEATURE:0cxx_default_function_template_args
    Feature record: CXX_FEATURE:0cxx_defaulted_functions
    Feature record: CXX_FEATURE:0cxx_defaulted_move_initializers
    Feature record: CXX_FEATURE:0cxx_delegating_constructors
    Feature record: CXX_FEATURE:0cxx_deleted_functions
    Feature record: CXX_FEATURE:0cxx_digit_separators
    Feature record: CXX_FEATURE:0cxx_enum_forward_declarations
    Feature record: CXX_FEATURE:0cxx_explicit_conversions
    Feature record: CXX_FEATURE:0cxx_extended_friend_declarations
    Feature record: CXX_FEATURE:0cxx_extern_templates
    Feature record: CXX_FEATURE:0cxx_final
    Feature record: CXX_FEATURE:0cxx_func_identifier
    Feature record: CXX_FEATURE:0cxx_generalized_initializers
    Feature record: CXX_FEATURE:0cxx_generic_lambdas
    Feature record: CXX_FEATURE:0cxx_inheriting_constructors
    Feature record: CXX_FEATURE:0cxx_inline_namespaces
    Feature record: CXX_FEATURE:0cxx_lambdas
    Feature record: CXX_FEATURE:0cxx_lambda_init_captures
    Feature record: CXX_FEATURE:0cxx_local_type_template_args
    Feature record: CXX_FEATURE:0cxx_long_long_type
    Feature record: CXX_FEATURE:0cxx_noexcept
    Feature record: CXX_FEATURE:0cxx_nonstatic_member_init
    Feature record: CXX_FEATURE:0cxx_nullptr
    Feature record: CXX_FEATURE:0cxx_override
    Feature record: CXX_FEATURE:0cxx_range_for
    Feature record: CXX_FEATURE:0cxx_raw_string_literals
    Feature record: CXX_FEATURE:0cxx_reference_qualified_functions
    Feature record: CXX_FEATURE:0cxx_relaxed_constexpr
    Feature record: CXX_FEATURE:0cxx_return_type_deduction
    Feature record: CXX_FEATURE:0cxx_right_angle_brackets
    Feature record: CXX_FEATURE:0cxx_rvalue_references
    Feature record: CXX_FEATURE:0cxx_sizeof_member
    Feature record: CXX_FEATURE:0cxx_static_assert
    Feature record: CXX_FEATURE:0cxx_strong_enums
    Feature record: CXX_FEATURE:1cxx_template_template_parameters
    Feature record: CXX_FEATURE:0cxx_thread_local
    Feature record: CXX_FEATURE:0cxx_trailing_return_types
    Feature record: CXX_FEATURE:0cxx_unicode_literals
    Feature record: CXX_FEATURE:0cxx_uniform_initialization
    Feature record: CXX_FEATURE:0cxx_unrestricted_unions
    Feature record: CXX_FEATURE:0cxx_user_literals
    Feature record: CXX_FEATURE:0cxx_variable_templates
    Feature record: CXX_FEATURE:0cxx_variadic_macros
    Feature record: CXX_FEATURE:0cxx_variadic_templates
